1	1
2	2
2	3
3	2
3	3
3	4
4	3
4	4
4	5
5	4
5	5
5	6
6	5
6	6
6	7
7	5
7	6
7	7
7	8
7	9
8	6
8	7
8	8
8	9
8	10
9	7
9	8
9	9
9	10
9	11
10	8
10	9
10	10
10	11
10	12
11	9
11	10
11	11
11	12
11	13
12	10
12	11
12	12
12	13
12	14
13	11
13	12
13	13
13	14
13	15
14	12
14	13
14	14
14	15
14	16
15	13
15	14
15	15
15	16
15	17
16	14
16	15
16	16
16	17
16	18
17	15
17	16
17	17
17	18
17	19
18	16
18	17
18	18
18	19
18	20
19	17
19	18
19	19
19	20
19	21
20	17
20	18
20	19
20	20
20	21
20	22
20	23
21	18
21	19
21	20
21	21
21	22
21	23
21	24
22	19
22	20
22	21
22	22
22	23
22	24
22	25
23	20
23	21
23	22
23	23
23	24
23	25
23	26
24	21
24	22
24	23
24	24
24	25
24	26
24	27
25	22
25	23
25	24
25	25
25	26
25	27
25	28
26	23
26	24
26	25
26	26
26	27
26	28
26	29
27	23
27	24
27	25
27	26
27	27
27	28
27	29
27	30
27	31
28	24
28	25
28	26
28	27
28	28
28	29
28	30
28	31
28	32
29	25
29	26
29	27
29	28
29	29
29	30
29	31
29	32
29	33
30	26
30	27
30	28
30	29
30	30
30	31
30	32
30	33
30	34
31	27
31	28
31	29
31	30
31	31
31	32
31	33
31	34
31	35
32	28
32	29
32	30
32	31
32	32
32	33
32	34
32	35
32	36
33	29
33	30
33	31
33	32
33	33
33	34
33	35
33	36
33	37
34	30
34	31
34	32
34	33
34	34
34	35
34	36
34	37
34	38
35	31
35	32
35	33
35	34
35	35
35	36
35	37
35	38
35	39
36	32
36	33
36	34
36	35
36	36
36	37
36	38
36	39
36	40
37	33
37	34
37	35
37	36
37	37
37	38
37	39
37	40
37	41
38	34
38	35
38	36
38	37
38	38
38	39
38	40
38	41
38	42
39	35
39	36
39	37
39	38
39	39
39	40
39	41
39	42
39	43
40	36
40	37
40	38
40	39
40	40
40	41
40	42
40	43
40	44
41	37
41	38
41	39
41	40
41	41
41	42
41	43
41	44
41	45
42	38
42	39
42	40
42	41
42	42
42	43
42	44
42	45
42	46
43	39
43	40
43	41
43	42
43	43
43	44
43	45
43	46
43	47
44	40
44	41
44	42
44	43
44	44
44	45
44	46
44	47
44	48
45	41
45	42
45	43
45	44
45	45
45	46
45	47
45	48
45	49
46	42
46	43
46	44
46	45
46	46
46	47
46	48
46	49
46	50
47	43
47	44
47	45
47	46
47	47
47	48
47	49
47	50
47	51
48	44
48	45
48	46
48	47
48	48
48	49
48	50
48	51
48	52
49	45
49	46
49	47
49	48
49	49
49	50
49	51
49	52
49	53
50	46
50	47
50	48
50	49
50	50
50	51
50	52
50	53
50	54
51	47
51	48
51	49
51	50
51	51
51	52
51	53
51	54
51	55
52	48
52	49
52	50
52	51
52	52
52	53
52	54
52	55
52	56
53	49
53	50
53	51
53	52
53	53
53	54
53	55
53	56
53	57
54	50
54	51
54	52
54	53
54	54
54	55
54	56
54	57
54	58
55	51
55	52
55	53
55	54
55	55
55	56
55	57
55	58
55	59
56	52
56	53
56	54
56	55
56	56
56	57
56	58
56	59
56	60
57	53
57	54
57	55
57	56
57	57
57	58
57	59
57	60
57	61
58	54
58	55
58	56
58	57
58	58
58	59
58	60
58	61
58	62
59	55
59	56
59	57
59	58
59	59
59	60
59	61
59	62
59	63
60	56
60	57
60	58
60	59
60	60
60	61
60	62
60	63
60	64
61	57
61	58
61	59
61	60
61	61
61	62
61	63
61	64
61	65
62	58
62	59
62	60
62	61
62	62
62	63
62	64
62	65
62	66
63	59
63	60
63	61
63	62
63	63
63	64
63	65
63	66
63	67
64	60
64	61
64	62
64	63
64	64
64	65
64	66
64	67
64	68
65	61
65	62
65	63
65	64
65	65
65	66
65	67
65	68
65	69
66	62
66	63
66	64
66	65
66	66
66	67
66	68
66	69
66	70
67	63
67	64
67	65
67	66
67	67
67	68
67	69
67	70
67	71
68	64
68	65
68	66
68	67
68	68
68	69
68	70
68	71
68	72
69	65
69	66
69	67
69	68
69	69
69	70
69	71
69	72
69	73
70	66
70	67
70	68
70	69
70	70
70	71
70	72
70	73
70	74
71	67
71	68
71	69
71	70
71	71
71	72
71	73
71	74
71	75
72	68
72	69
72	70
72	71
72	72
72	73
72	74
72	75
72	76
73	69
73	70
73	71
73	72
73	73
73	74
73	75
73	76
73	77
74	70
74	71
74	72
74	73
74	74
74	75
74	76
74	77
74	78
75	71
75	72
75	73
75	74
75	75
75	76
75	77
75	78
75	79
76	72
76	73
76	74
76	75
76	76
76	77
76	78
76	79
76	80
77	73
77	74
77	75
77	76
77	77
77	78
77	79
77	80
77	81
78	74
78	75
78	76
78	77
78	78
78	79
78	80
78	81
78	82
79	75
79	76
79	77
79	78
79	79
79	80
79	81
79	82
79	83
80	76
80	77
80	78
80	79
80	80
80	81
80	82
80	83
80	84
81	77
81	78
81	79
81	80
81	81
81	82
81	83
81	84
81	85
82	78
82	79
82	80
82	81
82	82
82	83
82	84
82	85
82	86
83	79
83	80
83	81
83	82
83	83
83	84
83	85
83	86
83	87
84	80
84	81
84	82
84	83
84	84
84	85
84	86
84	87
84	88
85	81
85	82
85	83
85	84
85	85
85	86
85	87
85	88
85	89
86	82
86	83
86	84
86	85
86	86
86	87
86	88
86	89
86	90
87	83
87	84
87	85
87	86
87	87
87	88
87	89
87	90
87	91
88	84
88	85
88	86
88	87
88	88
88	89
88	90
88	91
88	92
89	85
89	86
89	87
89	88
89	89
89	90
89	91
89	92
89	93
90	86
90	87
90	88
90	89
90	90
90	91
90	92
90	93
90	94
91	87
91	88
91	89
91	90
91	91
91	92
91	93
91	94
91	95
92	88
92	89
92	90
92	91
92	92
92	93
92	94
92	95
92	96
93	89
93	90
93	91
93	92
93	93
93	94
93	95
93	96
93	97
94	90
94	91
94	92
94	93
94	94
94	95
94	96
94	97
94	98
95	91
95	92
95	93
95	94
95	95
95	96
95	97
95	98
95	99
96	92
96	93
96	94
96	95
96	96
96	97
96	98
96	99
96	100
97	93
97	94
97	95
97	96
97	97
97	98
97	99
97	100
97	101
98	94
98	95
98	96
98	97
98	98
98	99
98	100
98	101
98	102
99	95
99	96
99	97
99	98
99	99
99	100
99	101
99	102
99	103
100	95
100	96
100	97
100	98
100	99
100	100
100	101
100	102
100	103
100	104
100	105
101	96
101	97
101	98
101	99
101	100
101	101
101	102
101	103
101	104
101	105
101	106
102	97
102	98
102	99
102	100
102	101
102	102
102	103
102	104
102	105
102	106
102	107
103	98
103	99
103	100
103	101
103	102
103	103
103	104
103	105
103	106
103	107
103	108
104	99
104	100
104	101
104	102
104	103
104	104
104	105
104	106
104	107
104	108
104	109
105	100
105	101
105	102
105	103
105	104
105	105
105	106
105	107
105	108
105	109
105	110
106	101
106	102
106	103
106	104
106	105
106	106
106	107
106	108
106	109
106	110
106	111
107	102
107	103
107	104
107	105
107	106
107	107
107	108
107	109
107	110
107	111
107	112
108	103
108	104
108	105
108	106
108	107
108	108
108	109
108	110
108	111
108	112
108	113
109	104
109	105
109	106
109	107
109	108
109	109
109	110
109	111
109	112
109	113
109	114
110	105
110	106
110	107
110	108
110	109
110	110
110	111
110	112
110	113
110	114
110	115
111	106
111	107
111	108
111	109
111	110
111	111
111	112
111	113
111	114
111	115
111	116
112	107
112	108
112	109
112	110
112	111
112	112
112	113
112	114
112	115
112	116
112	117
113	108
113	109
113	110
113	111
113	112
113	113
113	114
113	115
113	116
113	117
113	118
114	109
114	110
114	111
114	112
114	113
114	114
114	115
114	116
114	117
114	118
114	119
115	110
115	111
115	112
115	113
115	114
115	115
115	116
115	117
115	118
115	119
115	120
116	111
116	112
116	113
116	114
116	115
116	116
116	117
116	118
116	119
116	120
116	121
117	112
117	113
117	114
117	115
117	116
117	117
117	118
117	119
117	120
117	121
117	122
118	113
118	114
118	115
118	116
118	117
118	118
118	119
118	120
118	121
118	122
118	123
119	114
119	115
119	116
119	117
119	118
119	119
119	120
119	121
119	122
119	123
119	124
120	114
120	115
120	116
120	117
120	118
120	119
120	120
120	121
120	122
120	123
120	124
120	125
120	126
121	115
121	116
121	117
121	118
121	119
121	120
121	121
121	122
121	123
121	124
121	125
121	126
121	127
122	116
122	117
122	118
122	119
122	120
122	121
122	122
122	123
122	124
122	125
122	126
122	127
122	128
123	117
123	118
123	119
123	120
123	121
123	122
123	123
123	124
123	125
123	126
123	127
123	128
123	129
124	118
124	119
124	120
124	121
124	122
124	123
124	124
124	125
124	126
124	127
124	128
124	129
124	130
125	119
125	120
125	121
125	122
125	123
125	124
125	125
125	126
125	127
125	128
125	129
125	130
125	131
126	120
126	121
126	122
126	123
126	124
126	125
126	126
126	127
126	128
126	129
126	130
126	131
126	132
127	121
127	122
127	123
127	124
127	125
127	126
127	127
127	128
127	129
127	130
127	131
127	132
127	133
128	122
128	123
128	124
128	125
128	126
128	127
128	128
128	129
128	130
128	131
128	132
128	133
128	134
129	123
129	124
129	125
129	126
129	127
129	128
129	129
129	130
129	131
129	132
129	133
129	134
129	135
130	124
130	125
130	126
130	127
130	128
130	129
130	130
130	131
130	132
130	133
130	134
130	135
130	136
131	125
131	126
131	127
131	128
131	129
131	130
131	131
131	132
131	133
131	134
131	135
131	136
131	137
132	126
132	127
132	128
132	129
132	130
132	131
132	132
132	133
132	134
132	135
132	136
132	137
132	138
133	127
133	128
133	129
133	130
133	131
133	132
133	133
133	134
133	135
133	136
133	137
133	138
133	139
134	128
134	129
134	130
134	131
134	132
134	133
134	134
134	135
134	136
134	137
134	138
134	139
134	140
135	129
135	130
135	131
135	132
135	133
135	134
135	135
135	136
135	137
135	138
135	139
135	140
135	141
136	130
136	131
136	132
136	133
136	134
136	135
136	136
136	137
136	138
136	139
136	140
136	141
136	142
137	131
137	132
137	133
137	134
137	135
137	136
137	137
137	138
137	139
137	140
137	141
137	142
137	143
138	132
138	133
138	134
138	135
138	136
138	137
138	138
138	139
138	140
138	141
138	142
138	143
138	144
139	133
139	134
139	135
139	136
139	137
139	138
139	139
139	140
139	141
139	142
139	143
139	144
139	145
140	133
140	134
140	135
140	136
140	137
140	138
140	139
140	140
140	141
140	142
140	143
140	144
140	145
140	146
140	147
141	134
141	135
141	136
141	137
141	138
141	139
141	140
141	141
141	142
141	143
141	144
141	145
141	146
141	147
141	148
142	135
142	136
142	137
142	138
142	139
142	140
142	141
142	142
142	143
142	144
142	145
142	146
142	147
142	148
142	149
143	136
143	137
143	138
143	139
143	140
143	141
143	142
143	143
143	144
143	145
143	146
143	147
143	148
143	149
143	150
144	137
144	138
144	139
144	140
144	141
144	142
144	143
144	144
144	145
144	146
144	147
144	148
144	149
144	150
144	151
145	138
145	139
145	140
145	141
145	142
145	143
145	144
145	145
145	146
145	147
145	148
145	149
145	150
145	151
145	152
146	139
146	140
146	141
146	142
146	143
146	144
146	145
146	146
146	147
146	148
146	149
146	150
146	151
146	152
146	153
147	140
147	141
147	142
147	143
147	144
147	145
147	146
147	147
147	148
147	149
147	150
147	151
147	152
147	153
147	154
148	141
148	142
148	143
148	144
148	145
148	146
148	147
148	148
148	149
148	150
148	151
148	152
148	153
148	154
148	155
149	142
149	143
149	144
149	145
149	146
149	147
149	148
149	149
149	150
149	151
149	152
149	153
149	154
149	155
149	156
150	143
150	144
150	145
150	146
150	147
150	148
150	149
150	150
150	151
150	152
150	153
150	154
150	155
150	156
150	157
